mode: count
github.com/pabagan/go-kit/src/go-kit-module/instrumenting.go:17.82,18.30 1 0
github.com/pabagan/go-kit/src/go-kit-module/instrumenting.go:24.2,25.8 2 0
github.com/pabagan/go-kit/src/go-kit-module/instrumenting.go:18.30,22.3 3 0
github.com/pabagan/go-kit/src/go-kit-module/instrumenting.go:28.59,29.30 1 0
github.com/pabagan/go-kit/src/go-kit-module/instrumenting.go:36.2,37.8 2 0
github.com/pabagan/go-kit/src/go-kit-module/instrumenting.go:29.30,34.3 4 0
github.com/pabagan/go-kit/src/go-kit-module/logging.go:14.76,15.30 1 0
github.com/pabagan/go-kit/src/go-kit-module/logging.go:25.2,26.8 2 0
github.com/pabagan/go-kit/src/go-kit-module/logging.go:15.30,23.3 1 0
github.com/pabagan/go-kit/src/go-kit-module/logging.go:29.53,30.30 1 0
github.com/pabagan/go-kit/src/go-kit-module/logging.go:39.2,40.8 2 0
github.com/pabagan/go-kit/src/go-kit-module/logging.go:30.30,37.3 1 0
github.com/pabagan/go-kit/src/go-kit-module/main.go:15.13,60.2 16 0
github.com/pabagan/go-kit/src/go-kit-module/service.go:16.58,17.13 1 3
github.com/pabagan/go-kit/src/go-kit-module/service.go:20.2,20.32 1 2
github.com/pabagan/go-kit/src/go-kit-module/service.go:17.13,19.3 1 1
github.com/pabagan/go-kit/src/go-kit-module/service.go:23.42,25.2 1 3
github.com/pabagan/go-kit/src/go-kit-module/transport.go:11.65,12.75 1 0
github.com/pabagan/go-kit/src/go-kit-module/transport.go:12.75,15.17 3 0
github.com/pabagan/go-kit/src/go-kit-module/transport.go:18.3,18.39 1 0
github.com/pabagan/go-kit/src/go-kit-module/transport.go:15.17,17.4 1 0
github.com/pabagan/go-kit/src/go-kit-module/transport.go:22.61,23.75 1 0
github.com/pabagan/go-kit/src/go-kit-module/transport.go:23.75,27.3 3 0
github.com/pabagan/go-kit/src/go-kit-module/transport.go:30.86,32.65 2 0
github.com/pabagan/go-kit/src/go-kit-module/transport.go:35.2,35.21 1 0
github.com/pabagan/go-kit/src/go-kit-module/transport.go:32.65,34.3 1 0
github.com/pabagan/go-kit/src/go-kit-module/transport.go:38.82,40.65 2 0
github.com/pabagan/go-kit/src/go-kit-module/transport.go:43.2,43.21 1 0
github.com/pabagan/go-kit/src/go-kit-module/transport.go:40.65,42.3 1 0
github.com/pabagan/go-kit/src/go-kit-module/transport.go:46.91,48.2 1 0
